gradleBuild/outputs/logs/manifest-merger-debug-report.txt
-- Merging decision tree log ---
manifest
ADDED from valulifeandroid\AndroidManifest.xml:18:1-64:12
INJECTED from valulifeandroid\AndroidManifest.xml:18:1-64:12
MERGED from [org.tensorflow:tensorflow-android:1.5.0] AndroidManifest.xml:2:1-8:12
INJECTED from valulifeandroid\AndroidManifest.xml:18:1-64:12
	package
		ADDED from valulifeandroid\AndroidManifest.xml:19:5-34
		INJECTED from valulifeandroid\AndroidManifest.xml
		INJECTED from valulifeandroid\AndroidManifest.xml
	xmlns:android
		ADDED from valulifeandroid\AndroidManifest.xml:18:11-69
uses-permission#android.permission.CAMERA
ADDED from valulifeandroid\AndroidManifest.xml:21:5-65
	android:name
		ADDED from valulifeandroid\AndroidManifest.xml:21:22-62
uses-feature#android.hardware.camera
ADDED from valulifeandroid\AndroidManifest.xml:22:5-60
	android:name
		ADDED from valulifeandroid\AndroidManifest.xml:22:19-57
uses-feature#android.hardware.camera.autofocus
ADDED from valulifeandroid\AndroidManifest.xml:23:5-70
	android:name
		ADDED from valulifeandroid\AndroidManifest.xml:23:19-67
uses-permission#android.permission.WRITE_EXTERNAL_STORAGE
ADDED from valulifeandroid\AndroidManifest.xml:24:5-80
	android:name
		ADDED from valulifeandroid\AndroidManifest.xml:24:22-78
uses-sdk
ADDED from valulifeandroid\AndroidManifest.xml:26:5-28:41
INJECTED from valulifeandroid\AndroidManifest.xml:26:5-28:41
INJECTED from valulifeandroid\AndroidManifest.xml:26:5-28:41
INJECTED from valulifeandroid\AndroidManifest.xml:26:5-28:41
INJECTED from valulifeandroid\AndroidManifest.xml:26:5-28:41
	android:targetSdkVersion
		ADDED from valulifeandroid\AndroidManifest.xml:28:9-38
		INJECTED from valulifeandroid\AndroidManifest.xml
		INJECTED from valulifeandroid\AndroidManifest.xml
	android:minSdkVersion
		ADDED from valulifeandroid\AndroidManifest.xml:27:9-35
		INJECTED from valulifeandroid\AndroidManifest.xml
		INJECTED from valulifeandroid\AndroidManifest.xml
application
ADDED from valulifeandroid\AndroidManifest.xml:30:5-62:19
MERGED from [org.tensorflow:tensorflow-android:1.5.0] AndroidManifest.xml:5:5-6:19
MERGED from [org.tensorflow:tensorflow-android:1.5.0] AndroidManifest.xml:5:5-6:19
	android:label
		ADDED from valulifeandroid\AndroidManifest.xml:32:9-41
	android:debuggable
		ADDED from valulifeandroid\AndroidManifest.xml:31:9-34
	android:icon
		ADDED from valulifeandroid\AndroidManifest.xml:33:9-45
	android:allowBackup
		ADDED from valulifeandroid\AndroidManifest.xml:30:18-44
	android:theme
		ADDED from valulifeandroid\AndroidManifest.xml:34:9-45
activity#org.tensorflow.demo.ClassifierActivity
ADDED from valulifeandroid\AndroidManifest.xml:36:9-43:20
	android:screenOrientation
		ADDED from valulifeandroid\AndroidManifest.xml:37:19-55
	android:label
		ADDED from valulifeandroid\AndroidManifest.xml:38:19-71
	android:name
		ADDED from valulifeandroid\AndroidManifest.xml:36:19-72
intent-filter#action:name:android.intent.action.MAIN+category:name:android.intent.category.LAUNCHER
ADDED from valulifeandroid\AndroidManifest.xml:39:13-42:29
action#android.intent.action.MAIN
ADDED from valulifeandroid\AndroidManifest.xml:40:17-69
	android:name
		ADDED from valulifeandroid\AndroidManifest.xml:40:25-66
category#android.intent.category.LAUNCHER
ADDED from valulifeandroid\AndroidManifest.xml:41:17-77
	android:name
		ADDED from valulifeandroid\AndroidManifest.xml:41:27-74
activity#org.tensorflow.demo.DetectorActivity
ADDED from valulifeandroid\AndroidManifest.xml:45:9-52:20
	android:screenOrientation
		ADDED from valulifeandroid\AndroidManifest.xml:46:19-55
	android:label
		ADDED from valulifeandroid\AndroidManifest.xml:47:19-66
	android:name
		ADDED from valulifeandroid\AndroidManifest.xml:45:19-70
activity#org.tensorflow.demo.StylizeActivity
ADDED from valulifeandroid\AndroidManifest.xml:54:9-61:20
	android:screenOrientation
		ADDED from valulifeandroid\AndroidManifest.xml:55:19-55
	android:label
		ADDED from valulifeandroid\AndroidManifest.xml:56:19-64
	android:name
		ADDED from valulifeandroid\AndroidManifest.xml:54:19-69
uses-permission#android.permission.READ_PHONE_STATE
IMPLIED from valulifeandroid\AndroidManifest.xml:18:1-64:12 reason: tensorflow.contrib.android has a targetSdkVersion < 4
uses-permission#android.permission.READ_EXTERNAL_STORAGE
IMPLIED from valulifeandroid\AndroidManifest.xml:18:1-64:12 reason: tensorflow.contrib.android requested WRITE_EXTERNAL_STORAGE